2017-04-08 23:17:27,866 [pool-3-thread-8] [info.sheen.nettyRrest.handler.RestExceptionHandler:26] [ERROR] - *******handler exception***********
org.jboss.resteasy.spi.NotFoundException: Could not find resource for relative : /favicon.ico of full path: http://192.168.0.100/favicon.ico
	at org.jboss.resteasy.core.registry.RootSegment.matchChildren(RootSegment.java:360)
	at org.jboss.resteasy.core.registry.RootSegment.matchRoot(RootSegment.java:374)
	at org.jboss.resteasy.core.registry.RootSegment.matchRoot(RootSegment.java:367)
	at org.jboss.resteasy.core.ResourceMethodRegistry.getResourceInvoker(ResourceMethodRegistry.java:350)
	at org.jboss.resteasy.core.SynchronousDispatcher.getInvoker(SynchronousDispatcher.java:192)
	at org.jboss.resteasy.core.SynchronousDispatcher.invoke(SynchronousDispatcher.java:125)
	at org.jboss.resteasy.plugins.server.netty.RequestDispatcher.service(RequestDispatcher.java:82)
	at org.jboss.resteasy.plugins.server.netty.RequestHandler.messageReceived(RequestHandler.java:51)
	at org.jboss.netty.channel.SimpleChannelUpstreamHandler.handleUpstream(SimpleChannelUpstreamHandler.java:70)
	at org.jboss.netty.channel.DefaultChannelPipeline.sendUpstream(DefaultChannelPipeline.java:564)
	at org.jboss.netty.channel.DefaultChannelPipeline$DefaultChannelHandlerContext.sendUpstream(DefaultChannelPipeline.java:791)
	at org.jboss.netty.handler.execution.ChannelUpstreamEventRunnable.doRun(ChannelUpstreamEventRunnable.java:43)
	at org.jboss.netty.handler.execution.ChannelEventRunnable.run(ChannelEventRunnable.java:67)
	at org.jboss.netty.handler.execution.OrderedMemoryAwareThreadPoolExecutor$ChildExecutor.run(OrderedMemoryAwareThreadPoolExecutor.java:314)
	at java.util.concurrent.ThreadPoolExecutor.runWorker(Unknown Source)
	at java.util.concurrent.ThreadPoolExecutor$Worker.run(Unknown Source)
	at java.lang.Thread.run(Unknown Source)
2017-04-08 23:17:27,866 [pool-3-thread-7] [info.sheen.nettyRrest.handler.RestExceptionHandler:26] [ERROR] - *******handler exception***********
org.jboss.resteasy.spi.MethodNotAllowedException: No resource method found for GET, return 405 with Allow header
	at org.jboss.resteasy.core.registry.Segment.match(Segment.java:112)
	at org.jboss.resteasy.core.registry.SimpleSegment.matchSimple(SimpleSegment.java:33)
	at org.jboss.resteasy.core.registry.RootSegment.matchChildren(RootSegment.java:327)
	at org.jboss.resteasy.core.registry.SimpleSegment.matchSimple(SimpleSegment.java:44)
	at org.jboss.resteasy.core.registry.RootSegment.matchChildren(RootSegment.java:327)
	at org.jboss.resteasy.core.registry.RootSegment.matchRoot(RootSegment.java:374)
	at org.jboss.resteasy.core.registry.RootSegment.matchRoot(RootSegment.java:367)
	at org.jboss.resteasy.core.ResourceMethodRegistry.getResourceInvoker(ResourceMethodRegistry.java:350)
	at org.jboss.resteasy.core.SynchronousDispatcher.getInvoker(SynchronousDispatcher.java:192)
	at org.jboss.resteasy.core.SynchronousDispatcher.invoke(SynchronousDispatcher.java:125)
	at org.jboss.resteasy.plugins.server.netty.RequestDispatcher.service(RequestDispatcher.java:82)
	at org.jboss.resteasy.plugins.server.netty.RequestHandler.messageReceived(RequestHandler.java:51)
	at org.jboss.netty.channel.SimpleChannelUpstreamHandler.handleUpstream(SimpleChannelUpstreamHandler.java:70)
	at org.jboss.netty.channel.DefaultChannelPipeline.sendUpstream(DefaultChannelPipeline.java:564)
	at org.jboss.netty.channel.DefaultChannelPipeline$DefaultChannelHandlerContext.sendUpstream(DefaultChannelPipeline.java:791)
	at org.jboss.netty.handler.execution.ChannelUpstreamEventRunnable.doRun(ChannelUpstreamEventRunnable.java:43)
	at org.jboss.netty.handler.execution.ChannelEventRunnable.run(ChannelEventRunnable.java:67)
	at org.jboss.netty.handler.execution.OrderedMemoryAwareThreadPoolExecutor$ChildExecutor.run(OrderedMemoryAwareThreadPoolExecutor.java:314)
	at java.util.concurrent.ThreadPoolExecutor.runWorker(Unknown Source)
	at java.util.concurrent.ThreadPoolExecutor$Worker.run(Unknown Source)
	at java.lang.Thread.run(Unknown Source)
2017-04-08 23:17:35,423 [pool-3-thread-11] [info.sheen.nettyRrest.handler.RestExceptionHandler:26] [ERROR] - *******handler exception***********
org.jboss.resteasy.spi.NotFoundException: Could not find resource for relative : /wx of full path: http://192.168.0.100/wx
	at org.jboss.resteasy.core.registry.RootSegment.matchChildren(RootSegment.java:360)
	at org.jboss.resteasy.core.registry.RootSegment.matchRoot(RootSegment.java:374)
	at org.jboss.resteasy.core.registry.RootSegment.matchRoot(RootSegment.java:367)
	at org.jboss.resteasy.core.ResourceMethodRegistry.getResourceInvoker(ResourceMethodRegistry.java:350)
	at org.jboss.resteasy.core.SynchronousDispatcher.getInvoker(SynchronousDispatcher.java:192)
	at org.jboss.resteasy.core.SynchronousDispatcher.invoke(SynchronousDispatcher.java:125)
	at org.jboss.resteasy.plugins.server.netty.RequestDispatcher.service(RequestDispatcher.java:82)
	at org.jboss.resteasy.plugins.server.netty.RequestHandler.messageReceived(RequestHandler.java:51)
	at org.jboss.netty.channel.SimpleChannelUpstreamHandler.handleUpstream(SimpleChannelUpstreamHandler.java:70)
	at org.jboss.netty.channel.DefaultChannelPipeline.sendUpstream(DefaultChannelPipeline.java:564)
	at org.jboss.netty.channel.DefaultChannelPipeline$DefaultChannelHandlerContext.sendUpstream(DefaultChannelPipeline.java:791)
	at org.jboss.netty.handler.execution.ChannelUpstreamEventRunnable.doRun(ChannelUpstreamEventRunnable.java:43)
	at org.jboss.netty.handler.execution.ChannelEventRunnable.run(ChannelEventRunnable.java:67)
	at org.jboss.netty.handler.execution.OrderedMemoryAwareThreadPoolExecutor$ChildExecutor.run(OrderedMemoryAwareThreadPoolExecutor.java:314)
	at java.util.concurrent.ThreadPoolExecutor.runWorker(Unknown Source)
	at java.util.concurrent.ThreadPoolExecutor$Worker.run(Unknown Source)
	at java.lang.Thread.run(Unknown Source)
2017-04-08 23:17:48,362 [pool-3-thread-13] [info.sheen.nettyRrest.handler.RestExceptionHandler:26] [ERROR] - *******handler exception***********
org.jboss.resteasy.spi.NotFoundException: Could not find resource for relative : /wx of full path: http://192.168.0.100/wx
	at org.jboss.resteasy.core.registry.RootSegment.matchChildren(RootSegment.java:360)
	at org.jboss.resteasy.core.registry.RootSegment.matchRoot(RootSegment.java:374)
	at org.jboss.resteasy.core.registry.RootSegment.matchRoot(RootSegment.java:367)
	at org.jboss.resteasy.core.ResourceMethodRegistry.getResourceInvoker(ResourceMethodRegistry.java:350)
	at org.jboss.resteasy.core.SynchronousDispatcher.getInvoker(SynchronousDispatcher.java:192)
	at org.jboss.resteasy.core.SynchronousDispatcher.invoke(SynchronousDispatcher.java:125)
	at org.jboss.resteasy.plugins.server.netty.RequestDispatcher.service(RequestDispatcher.java:82)
	at org.jboss.resteasy.plugins.server.netty.RequestHandler.messageReceived(RequestHandler.java:51)
	at org.jboss.netty.channel.SimpleChannelUpstreamHandler.handleUpstream(SimpleChannelUpstreamHandler.java:70)
	at org.jboss.netty.channel.DefaultChannelPipeline.sendUpstream(DefaultChannelPipeline.java:564)
	at org.jboss.netty.channel.DefaultChannelPipeline$DefaultChannelHandlerContext.sendUpstream(DefaultChannelPipeline.java:791)
	at org.jboss.netty.handler.execution.ChannelUpstreamEventRunnable.doRun(ChannelUpstreamEventRunnable.java:43)
	at org.jboss.netty.handler.execution.ChannelEventRunnable.run(ChannelEventRunnable.java:67)
	at org.jboss.netty.handler.execution.OrderedMemoryAwareThreadPoolExecutor$ChildExecutor.run(OrderedMemoryAwareThreadPoolExecutor.java:314)
	at java.util.concurrent.ThreadPoolExecutor.runWorker(Unknown Source)
	at java.util.concurrent.ThreadPoolExecutor$Worker.run(Unknown Source)
	at java.lang.Thread.run(Unknown Source)
2017-04-08 23:18:36,567 [pool-3-thread-4] [info.sheen.nettyRrest.handler.RestExceptionHandler:26] [ERROR] - *******handler exception***********
org.jboss.resteasy.spi.NotFoundException: Could not find resource for relative : /wx of full path: http://192.168.0.100/wx
	at org.jboss.resteasy.core.registry.RootSegment.matchChildren(RootSegment.java:360)
	at org.jboss.resteasy.core.registry.RootSegment.matchRoot(RootSegment.java:374)
	at org.jboss.resteasy.core.registry.RootSegment.matchRoot(RootSegment.java:367)
	at org.jboss.resteasy.core.ResourceMethodRegistry.getResourceInvoker(ResourceMethodRegistry.java:350)
	at org.jboss.resteasy.core.SynchronousDispatcher.getInvoker(SynchronousDispatcher.java:192)
	at org.jboss.resteasy.core.SynchronousDispatcher.invoke(SynchronousDispatcher.java:125)
	at org.jboss.resteasy.plugins.server.netty.RequestDispatcher.service(RequestDispatcher.java:82)
	at org.jboss.resteasy.plugins.server.netty.RequestHandler.messageReceived(RequestHandler.java:51)
	at org.jboss.netty.channel.SimpleChannelUpstreamHandler.handleUpstream(SimpleChannelUpstreamHandler.java:70)
	at org.jboss.netty.channel.DefaultChannelPipeline.sendUpstream(DefaultChannelPipeline.java:564)
	at org.jboss.netty.channel.DefaultChannelPipeline$DefaultChannelHandlerContext.sendUpstream(DefaultChannelPipeline.java:791)
	at org.jboss.netty.handler.execution.ChannelUpstreamEventRunnable.doRun(ChannelUpstreamEventRunnable.java:43)
	at org.jboss.netty.handler.execution.ChannelEventRunnable.run(ChannelEventRunnable.java:67)
	at org.jboss.netty.handler.execution.OrderedMemoryAwareThreadPoolExecutor$ChildExecutor.run(OrderedMemoryAwareThreadPoolExecutor.java:314)
	at java.util.concurrent.ThreadPoolExecutor.runWorker(Unknown Source)
	at java.util.concurrent.ThreadPoolExecutor$Worker.run(Unknown Source)
	at java.lang.Thread.run(Unknown Source)
2017-04-08 23:20:04,668 [pool-3-thread-6] [info.sheen.nettyRrest.handler.RestExceptionHandler:26] [ERROR] - *******handler exception***********
org.jboss.resteasy.spi.NotFoundException: Could not find resource for relative : / of full path: http://192.168.0.100/
	at org.jboss.resteasy.core.registry.RootSegment.matchChildren(RootSegment.java:360)
	at org.jboss.resteasy.core.registry.RootSegment.matchRoot(RootSegment.java:374)
	at org.jboss.resteasy.core.registry.RootSegment.matchRoot(RootSegment.java:367)
	at org.jboss.resteasy.core.ResourceMethodRegistry.getResourceInvoker(ResourceMethodRegistry.java:350)
	at org.jboss.resteasy.core.SynchronousDispatcher.getInvoker(SynchronousDispatcher.java:192)
	at org.jboss.resteasy.core.SynchronousDispatcher.invoke(SynchronousDispatcher.java:125)
	at org.jboss.resteasy.plugins.server.netty.RequestDispatcher.service(RequestDispatcher.java:82)
	at org.jboss.resteasy.plugins.server.netty.RequestHandler.messageReceived(RequestHandler.java:51)
	at org.jboss.netty.channel.SimpleChannelUpstreamHandler.handleUpstream(SimpleChannelUpstreamHandler.java:70)
	at org.jboss.netty.channel.DefaultChannelPipeline.sendUpstream(DefaultChannelPipeline.java:564)
	at org.jboss.netty.channel.DefaultChannelPipeline$DefaultChannelHandlerContext.sendUpstream(DefaultChannelPipeline.java:791)
	at org.jboss.netty.handler.execution.ChannelUpstreamEventRunnable.doRun(ChannelUpstreamEventRunnable.java:43)
	at org.jboss.netty.handler.execution.ChannelEventRunnable.run(ChannelEventRunnable.java:67)
	at org.jboss.netty.handler.execution.OrderedMemoryAwareThreadPoolExecutor$ChildExecutor.run(OrderedMemoryAwareThreadPoolExecutor.java:314)
	at java.util.concurrent.ThreadPoolExecutor.runWorker(Unknown Source)
	at java.util.concurrent.ThreadPoolExecutor$Worker.run(Unknown Source)
	at java.lang.Thread.run(Unknown Source)
2017-04-08 23:20:21,661 [pool-3-thread-7] [info.sheen.nettyRrest.handler.RestExceptionHandler:26] [ERROR] - *******handler exception***********
org.jboss.resteasy.spi.NotFoundException: Could not find resource for relative : /wx of full path: http://192.168.0.100/wx
	at org.jboss.resteasy.core.registry.RootSegment.matchChildren(RootSegment.java:360)
	at org.jboss.resteasy.core.registry.RootSegment.matchRoot(RootSegment.java:374)
	at org.jboss.resteasy.core.registry.RootSegment.matchRoot(RootSegment.java:367)
	at org.jboss.resteasy.core.ResourceMethodRegistry.getResourceInvoker(ResourceMethodRegistry.java:350)
	at org.jboss.resteasy.core.SynchronousDispatcher.getInvoker(SynchronousDispatcher.java:192)
	at org.jboss.resteasy.core.SynchronousDispatcher.invoke(SynchronousDispatcher.java:125)
	at org.jboss.resteasy.plugins.server.netty.RequestDispatcher.service(RequestDispatcher.java:82)
	at org.jboss.resteasy.plugins.server.netty.RequestHandler.messageReceived(RequestHandler.java:51)
	at org.jboss.netty.channel.SimpleChannelUpstreamHandler.handleUpstream(SimpleChannelUpstreamHandler.java:70)
	at org.jboss.netty.channel.DefaultChannelPipeline.sendUpstream(DefaultChannelPipeline.java:564)
	at org.jboss.netty.channel.DefaultChannelPipeline$DefaultChannelHandlerContext.sendUpstream(DefaultChannelPipeline.java:791)
	at org.jboss.netty.handler.execution.ChannelUpstreamEventRunnable.doRun(ChannelUpstreamEventRunnable.java:43)
	at org.jboss.netty.handler.execution.ChannelEventRunnable.run(ChannelEventRunnable.java:67)
	at org.jboss.netty.handler.execution.OrderedMemoryAwareThreadPoolExecutor$ChildExecutor.run(OrderedMemoryAwareThreadPoolExecutor.java:314)
	at java.util.concurrent.ThreadPoolExecutor.runWorker(Unknown Source)
	at java.util.concurrent.ThreadPoolExecutor$Worker.run(Unknown Source)
	at java.lang.Thread.run(Unknown Source)
2017-04-08 23:20:48,542 [pool-3-thread-4] [info.sheen.nettyRrest.handler.RestExceptionHandler:26] [ERROR] - *******handler exception***********
org.jboss.resteasy.spi.NotFoundException: Could not find resource for relative : /s/wx of full path: http://192.168.0.100/s/wx
	at org.jboss.resteasy.core.registry.RootSegment.matchChildren(RootSegment.java:360)
	at org.jboss.resteasy.core.registry.RootSegment.matchRoot(RootSegment.java:374)
	at org.jboss.resteasy.core.registry.RootSegment.matchRoot(RootSegment.java:367)
	at org.jboss.resteasy.core.ResourceMethodRegistry.getResourceInvoker(ResourceMethodRegistry.java:350)
	at org.jboss.resteasy.core.SynchronousDispatcher.getInvoker(SynchronousDispatcher.java:192)
	at org.jboss.resteasy.core.SynchronousDispatcher.invoke(SynchronousDispatcher.java:125)
	at org.jboss.resteasy.plugins.server.netty.RequestDispatcher.service(RequestDispatcher.java:82)
	at org.jboss.resteasy.plugins.server.netty.RequestHandler.messageReceived(RequestHandler.java:51)
	at org.jboss.netty.channel.SimpleChannelUpstreamHandler.handleUpstream(SimpleChannelUpstreamHandler.java:70)
	at org.jboss.netty.channel.DefaultChannelPipeline.sendUpstream(DefaultChannelPipeline.java:564)
	at org.jboss.netty.channel.DefaultChannelPipeline$DefaultChannelHandlerContext.sendUpstream(DefaultChannelPipeline.java:791)
	at org.jboss.netty.handler.execution.ChannelUpstreamEventRunnable.doRun(ChannelUpstreamEventRunnable.java:43)
	at org.jboss.netty.handler.execution.ChannelEventRunnable.run(ChannelEventRunnable.java:67)
	at org.jboss.netty.handler.execution.OrderedMemoryAwareThreadPoolExecutor$ChildExecutor.run(OrderedMemoryAwareThreadPoolExecutor.java:314)
	at java.util.concurrent.ThreadPoolExecutor.runWorker(Unknown Source)
	at java.util.concurrent.ThreadPoolExecutor$Worker.run(Unknown Source)
	at java.lang.Thread.run(Unknown Source)
2017-04-08 23:21:49,181 [pool-3-thread-4] [info.sheen.nettyRrest.handler.RestExceptionHandler:26] [ERROR] - *******handler exception***********
org.jboss.resteasy.spi.BadRequestException: Failed processing arguments of public java.lang.String info.sheen.nettyRrest.service.WechatTestService.test(java.lang.String)
	at org.jboss.resteasy.core.MethodInjectorImpl.injectArguments(MethodInjectorImpl.java:151)
	at org.jboss.resteasy.core.ResourceLocator.createResource(ResourceLocator.java:61)
	at org.jboss.resteasy.core.ResourceLocator.createResource(ResourceLocator.java:54)
	at org.jboss.resteasy.core.ResourceLocator.invoke(ResourceLocator.java:91)
	at org.jboss.resteasy.core.SynchronousDispatcher.getResponse(SynchronousDispatcher.java:542)
	at org.jboss.resteasy.core.SynchronousDispatcher.invoke(SynchronousDispatcher.java:524)
	at org.jboss.resteasy.core.SynchronousDispatcher.invoke(SynchronousDispatcher.java:126)
	at org.jboss.resteasy.plugins.server.netty.RequestDispatcher.service(RequestDispatcher.java:82)
	at org.jboss.resteasy.plugins.server.netty.RequestHandler.messageReceived(RequestHandler.java:51)
	at org.jboss.netty.channel.SimpleChannelUpstreamHandler.handleUpstream(SimpleChannelUpstreamHandler.java:70)
	at org.jboss.netty.channel.DefaultChannelPipeline.sendUpstream(DefaultChannelPipeline.java:564)
	at org.jboss.netty.channel.DefaultChannelPipeline$DefaultChannelHandlerContext.sendUpstream(DefaultChannelPipeline.java:791)
	at org.jboss.netty.handler.execution.ChannelUpstreamEventRunnable.doRun(ChannelUpstreamEventRunnable.java:43)
	at org.jboss.netty.handler.execution.ChannelEventRunnable.run(ChannelEventRunnable.java:67)
	at org.jboss.netty.handler.execution.OrderedMemoryAwareThreadPoolExecutor$ChildExecutor.run(OrderedMemoryAwareThreadPoolExecutor.java:314)
	at java.util.concurrent.ThreadPoolExecutor.runWorker(Unknown Source)
	at java.util.concurrent.ThreadPoolExecutor$Worker.run(Unknown Source)
	at java.lang.Thread.run(Unknown Source)
Caused by: java.lang.NullPointerException
	at org.jboss.resteasy.plugins.server.netty.NettyHttpRequest.getFormParameters(NettyHttpRequest.java:66)
	at org.jboss.resteasy.plugins.server.netty.NettyHttpRequest.getDecodedFormParameters(NettyHttpRequest.java:88)
	at org.jboss.resteasy.core.FormParamInjector.inject(FormParamInjector.java:32)
	at org.jboss.resteasy.core.MethodInjectorImpl.injectArguments(MethodInjectorImpl.java:136)
	... 17 more
2017-04-08 23:21:49,181 [pool-3-thread-7] [info.sheen.nettyRrest.handler.RestExceptionHandler:26] [ERROR] - *******handler exception***********
org.jboss.resteasy.spi.BadRequestException: Failed processing arguments of public java.lang.String info.sheen.nettyRrest.service.WechatTestService.test(java.lang.String)
	at org.jboss.resteasy.core.MethodInjectorImpl.injectArguments(MethodInjectorImpl.java:151)
	at org.jboss.resteasy.core.ResourceLocator.createResource(ResourceLocator.java:61)
	at org.jboss.resteasy.core.ResourceLocator.createResource(ResourceLocator.java:54)
	at org.jboss.resteasy.core.ResourceLocator.invoke(ResourceLocator.java:91)
	at org.jboss.resteasy.core.SynchronousDispatcher.getResponse(SynchronousDispatcher.java:542)
	at org.jboss.resteasy.core.SynchronousDispatcher.invoke(SynchronousDispatcher.java:524)
	at org.jboss.resteasy.core.SynchronousDispatcher.invoke(SynchronousDispatcher.java:126)
	at org.jboss.resteasy.plugins.server.netty.RequestDispatcher.service(RequestDispatcher.java:82)
	at org.jboss.resteasy.plugins.server.netty.RequestHandler.messageReceived(RequestHandler.java:51)
	at org.jboss.netty.channel.SimpleChannelUpstreamHandler.handleUpstream(SimpleChannelUpstreamHandler.java:70)
	at org.jboss.netty.channel.DefaultChannelPipeline.sendUpstream(DefaultChannelPipeline.java:564)
	at org.jboss.netty.channel.DefaultChannelPipeline$DefaultChannelHandlerContext.sendUpstream(DefaultChannelPipeline.java:791)
	at org.jboss.netty.handler.execution.ChannelUpstreamEventRunnable.doRun(ChannelUpstreamEventRunnable.java:43)
	at org.jboss.netty.handler.execution.ChannelEventRunnable.run(ChannelEventRunnable.java:67)
	at org.jboss.netty.handler.execution.OrderedMemoryAwareThreadPoolExecutor$ChildExecutor.run(OrderedMemoryAwareThreadPoolExecutor.java:314)
	at java.util.concurrent.ThreadPoolExecutor.runWorker(Unknown Source)
	at java.util.concurrent.ThreadPoolExecutor$Worker.run(Unknown Source)
	at java.lang.Thread.run(Unknown Source)
Caused by: java.lang.NullPointerException
	at org.jboss.resteasy.plugins.server.netty.NettyHttpRequest.getFormParameters(NettyHttpRequest.java:66)
	at org.jboss.resteasy.plugins.server.netty.NettyHttpRequest.getDecodedFormParameters(NettyHttpRequest.java:88)
	at org.jboss.resteasy.core.FormParamInjector.inject(FormParamInjector.java:32)
	at org.jboss.resteasy.core.MethodInjectorImpl.injectArguments(MethodInjectorImpl.java:136)
	... 17 more
2017-04-08 23:26:05,348 [pool-3-thread-14] [info.sheen.nettyRrest.handler.RestExceptionHandler:26] [ERROR] - *******handler exception***********
org.jboss.resteasy.spi.BadRequestException: Failed processing arguments of public java.lang.String info.sheen.nettyRrest.service.WechatTestService.test(java.lang.String)
	at org.jboss.resteasy.core.MethodInjectorImpl.injectArguments(MethodInjectorImpl.java:151)
	at org.jboss.resteasy.core.ResourceLocator.createResource(ResourceLocator.java:61)
	at org.jboss.resteasy.core.ResourceLocator.createResource(ResourceLocator.java:54)
	at org.jboss.resteasy.core.ResourceLocator.invoke(ResourceLocator.java:91)
	at org.jboss.resteasy.core.SynchronousDispatcher.getResponse(SynchronousDispatcher.java:542)
	at org.jboss.resteasy.core.SynchronousDispatcher.invoke(SynchronousDispatcher.java:524)
	at org.jboss.resteasy.core.SynchronousDispatcher.invoke(SynchronousDispatcher.java:126)
	at org.jboss.resteasy.plugins.server.netty.RequestDispatcher.service(RequestDispatcher.java:82)
	at org.jboss.resteasy.plugins.server.netty.RequestHandler.messageReceived(RequestHandler.java:51)
	at org.jboss.netty.channel.SimpleChannelUpstreamHandler.handleUpstream(SimpleChannelUpstreamHandler.java:70)
	at org.jboss.netty.channel.DefaultChannelPipeline.sendUpstream(DefaultChannelPipeline.java:564)
	at org.jboss.netty.channel.DefaultChannelPipeline$DefaultChannelHandlerContext.sendUpstream(DefaultChannelPipeline.java:791)
	at org.jboss.netty.handler.execution.ChannelUpstreamEventRunnable.doRun(ChannelUpstreamEventRunnable.java:43)
	at org.jboss.netty.handler.execution.ChannelEventRunnable.run(ChannelEventRunnable.java:67)
	at org.jboss.netty.handler.execution.OrderedMemoryAwareThreadPoolExecutor$ChildExecutor.run(OrderedMemoryAwareThreadPoolExecutor.java:314)
	at java.util.concurrent.ThreadPoolExecutor.runWorker(Unknown Source)
	at java.util.concurrent.ThreadPoolExecutor$Worker.run(Unknown Source)
	at java.lang.Thread.run(Unknown Source)
Caused by: java.lang.NullPointerException
	at org.jboss.resteasy.plugins.server.netty.NettyHttpRequest.getFormParameters(NettyHttpRequest.java:66)
	at org.jboss.resteasy.plugins.server.netty.NettyHttpRequest.getDecodedFormParameters(NettyHttpRequest.java:88)
	at org.jboss.resteasy.core.FormParamInjector.inject(FormParamInjector.java:32)
	at org.jboss.resteasy.core.MethodInjectorImpl.injectArguments(MethodInjectorImpl.java:136)
	... 17 more
2017-04-08 23:28:11,672 [pool-3-thread-19] [info.sheen.nettyRrest.handler.RestExceptionHandler:26] [ERROR] - *******handler exception***********
org.jboss.resteasy.spi.InternalServerErrorException: Subresource for target class has no jax-rs annotations.: java.lang.String
	at org.jboss.resteasy.core.ResourceLocator.invokeOnTargetObject(ResourceLocator.java:132)
	at org.jboss.resteasy.core.ResourceLocator.invoke(ResourceLocator.java:92)
	at org.jboss.resteasy.core.SynchronousDispatcher.getResponse(SynchronousDispatcher.java:542)
	at org.jboss.resteasy.core.SynchronousDispatcher.invoke(SynchronousDispatcher.java:524)
	at org.jboss.resteasy.core.SynchronousDispatcher.invoke(SynchronousDispatcher.java:126)
	at org.jboss.resteasy.plugins.server.netty.RequestDispatcher.service(RequestDispatcher.java:82)
	at org.jboss.resteasy.plugins.server.netty.RequestHandler.messageReceived(RequestHandler.java:51)
	at org.jboss.netty.channel.SimpleChannelUpstreamHandler.handleUpstream(SimpleChannelUpstreamHandler.java:70)
	at org.jboss.netty.channel.DefaultChannelPipeline.sendUpstream(DefaultChannelPipeline.java:564)
	at org.jboss.netty.channel.DefaultChannelPipeline$DefaultChannelHandlerContext.sendUpstream(DefaultChannelPipeline.java:791)
	at org.jboss.netty.handler.execution.ChannelUpstreamEventRunnable.doRun(ChannelUpstreamEventRunnable.java:43)
	at org.jboss.netty.handler.execution.ChannelEventRunnable.run(ChannelEventRunnable.java:67)
	at org.jboss.netty.handler.execution.OrderedMemoryAwareThreadPoolExecutor$ChildExecutor.run(OrderedMemoryAwareThreadPoolExecutor.java:314)
	at java.util.concurrent.ThreadPoolExecutor.runWorker(Unknown Source)
	at java.util.concurrent.ThreadPoolExecutor$Worker.run(Unknown Source)
	at java.lang.Thread.run(Unknown Source)
2017-04-08 23:31:09,740 [pool-3-thread-4] [info.sheen.nettyRrest.handler.RestExceptionHandler:26] [ERROR] - *******handler exception***********
java.lang.NullPointerException
	at info.sheen.nettyRrest.service.WechatTestService.test(WechatTestService.java:19)
	at sun.reflect.NativeMethodAccessorImpl.invoke0(Native Method)
	at sun.reflect.NativeMethodAccessorImpl.invoke(Unknown Source)
	at sun.reflect.DelegatingMethodAccessorImpl.invoke(Unknown Source)
	at java.lang.reflect.Method.invoke(Unknown Source)
	at org.jboss.resteasy.core.MethodInjectorImpl.invoke(MethodInjectorImpl.java:167)
	at org.jboss.resteasy.core.ResourceMethod.invokeOnTarget(ResourceMethod.java:269)
	at org.jboss.resteasy.core.ResourceMethod.invoke(ResourceMethod.java:227)
	at org.jboss.resteasy.core.ResourceMethod.invoke(ResourceMethod.java:216)
	at org.jboss.resteasy.core.SynchronousDispatcher.getResponse(SynchronousDispatcher.java:542)
	at org.jboss.resteasy.core.SynchronousDispatcher.invoke(SynchronousDispatcher.java:524)
	at org.jboss.resteasy.core.SynchronousDispatcher.invoke(SynchronousDispatcher.java:126)
	at org.jboss.resteasy.plugins.server.netty.RequestDispatcher.service(RequestDispatcher.java:82)
	at org.jboss.resteasy.plugins.server.netty.RequestHandler.messageReceived(RequestHandler.java:51)
	at org.jboss.netty.channel.SimpleChannelUpstreamHandler.handleUpstream(SimpleChannelUpstreamHandler.java:70)
	at org.jboss.netty.channel.DefaultChannelPipeline.sendUpstream(DefaultChannelPipeline.java:564)
	at org.jboss.netty.channel.DefaultChannelPipeline$DefaultChannelHandlerContext.sendUpstream(DefaultChannelPipeline.java:791)
	at org.jboss.netty.handler.execution.ChannelUpstreamEventRunnable.doRun(ChannelUpstreamEventRunnable.java:43)
	at org.jboss.netty.handler.execution.ChannelEventRunnable.run(ChannelEventRunnable.java:67)
	at org.jboss.netty.handler.execution.OrderedMemoryAwareThreadPoolExecutor$ChildExecutor.run(OrderedMemoryAwareThreadPoolExecutor.java:314)
	at java.util.concurrent.ThreadPoolExecutor.runWorker(Unknown Source)
	at java.util.concurrent.ThreadPoolExecutor$Worker.run(Unknown Source)
	at java.lang.Thread.run(Unknown Source)
2017-04-08 23:34:41,121 [pool-3-thread-4] [info.sheen.nettyRrest.handler.RestExceptionHandler:26] [ERROR] - *******handler exception***********
java.lang.NullPointerException
	at info.sheen.nettyRrest.service.WechatTestService.test(WechatTestService.java:19)
	at sun.reflect.NativeMethodAccessorImpl.invoke0(Native Method)
	at sun.reflect.NativeMethodAccessorImpl.invoke(Unknown Source)
	at sun.reflect.DelegatingMethodAccessorImpl.invoke(Unknown Source)
	at java.lang.reflect.Method.invoke(Unknown Source)
	at org.jboss.resteasy.core.MethodInjectorImpl.invoke(MethodInjectorImpl.java:167)
	at org.jboss.resteasy.core.ResourceMethod.invokeOnTarget(ResourceMethod.java:269)
	at org.jboss.resteasy.core.ResourceMethod.invoke(ResourceMethod.java:227)
	at org.jboss.resteasy.core.ResourceMethod.invoke(ResourceMethod.java:216)
	at org.jboss.resteasy.core.SynchronousDispatcher.getResponse(SynchronousDispatcher.java:542)
	at org.jboss.resteasy.core.SynchronousDispatcher.invoke(SynchronousDispatcher.java:524)
	at org.jboss.resteasy.core.SynchronousDispatcher.invoke(SynchronousDispatcher.java:126)
	at org.jboss.resteasy.plugins.server.netty.RequestDispatcher.service(RequestDispatcher.java:82)
	at org.jboss.resteasy.plugins.server.netty.RequestHandler.messageReceived(RequestHandler.java:51)
	at org.jboss.netty.channel.SimpleChannelUpstreamHandler.handleUpstream(SimpleChannelUpstreamHandler.java:70)
	at org.jboss.netty.channel.DefaultChannelPipeline.sendUpstream(DefaultChannelPipeline.java:564)
	at org.jboss.netty.channel.DefaultChannelPipeline$DefaultChannelHandlerContext.sendUpstream(DefaultChannelPipeline.java:791)
	at org.jboss.netty.handler.execution.ChannelUpstreamEventRunnable.doRun(ChannelUpstreamEventRunnable.java:43)
	at org.jboss.netty.handler.execution.ChannelEventRunnable.run(ChannelEventRunnable.java:67)
	at org.jboss.netty.handler.execution.OrderedMemoryAwareThreadPoolExecutor$ChildExecutor.run(OrderedMemoryAwareThreadPoolExecutor.java:314)
	at java.util.concurrent.ThreadPoolExecutor.runWorker(Unknown Source)
	at java.util.concurrent.ThreadPoolExecutor$Worker.run(Unknown Source)
	at java.lang.Thread.run(Unknown Source)
2017-04-09 00:48:42,937 [pool-3-thread-9] [info.sheen.nettyRrest.handler.RestExceptionHandler:26] [ERROR] - *******handler exception***********
java.lang.IllegalArgumentException: Request media type is not application/x-www-form-urlencoded
	at org.jboss.resteasy.plugins.server.netty.NettyHttpRequest.getFormParameters(NettyHttpRequest.java:79)
	at org.jboss.resteasy.plugins.server.netty.NettyHttpRequest.getDecodedFormParameters(NettyHttpRequest.java:88)
	at info.sheen.nettyRrest.interceptor.UserInfoInterceptor.preProcess(UserInfoInterceptor.java:28)
	at org.jboss.resteasy.core.ResourceMethod.invokeOnTarget(ResourceMethod.java:252)
	at org.jboss.resteasy.core.ResourceMethod.invoke(ResourceMethod.java:227)
	at org.jboss.resteasy.core.ResourceMethod.invoke(ResourceMethod.java:216)
	at org.jboss.resteasy.core.SynchronousDispatcher.getResponse(SynchronousDispatcher.java:542)
	at org.jboss.resteasy.core.SynchronousDispatcher.invoke(SynchronousDispatcher.java:524)
	at org.jboss.resteasy.core.SynchronousDispatcher.invoke(SynchronousDispatcher.java:126)
	at org.jboss.resteasy.plugins.server.netty.RequestDispatcher.service(RequestDispatcher.java:82)
	at org.jboss.resteasy.plugins.server.netty.RequestHandler.messageReceived(RequestHandler.java:51)
	at org.jboss.netty.channel.SimpleChannelUpstreamHandler.handleUpstream(SimpleChannelUpstreamHandler.java:70)
	at org.jboss.netty.channel.DefaultChannelPipeline.sendUpstream(DefaultChannelPipeline.java:564)
	at org.jboss.netty.channel.DefaultChannelPipeline$DefaultChannelHandlerContext.sendUpstream(DefaultChannelPipeline.java:791)
	at org.jboss.netty.handler.execution.ChannelUpstreamEventRunnable.doRun(ChannelUpstreamEventRunnable.java:43)
	at org.jboss.netty.handler.execution.ChannelEventRunnable.run(ChannelEventRunnable.java:67)
	at org.jboss.netty.handler.execution.OrderedMemoryAwareThreadPoolExecutor$ChildExecutor.run(OrderedMemoryAwareThreadPoolExecutor.java:314)
	at java.util.concurrent.ThreadPoolExecutor.runWorker(Unknown Source)
	at java.util.concurrent.ThreadPoolExecutor$Worker.run(Unknown Source)
	at java.lang.Thread.run(Unknown Source)
2017-04-09 00:54:01,151 [pool-3-thread-4] [info.sheen.nettyRrest.handler.RestExceptionHandler:26] [ERROR] - *******handler exception***********
java.lang.IllegalArgumentException: Request media type is not application/x-www-form-urlencoded
	at org.jboss.resteasy.plugins.server.netty.NettyHttpRequest.getFormParameters(NettyHttpRequest.java:79)
	at info.sheen.nettyRrest.interceptor.UserInfoInterceptor.preProcess(UserInfoInterceptor.java:31)
	at org.jboss.resteasy.core.ResourceMethod.invokeOnTarget(ResourceMethod.java:252)
	at org.jboss.resteasy.core.ResourceMethod.invoke(ResourceMethod.java:227)
	at org.jboss.resteasy.core.ResourceMethod.invoke(ResourceMethod.java:216)
	at org.jboss.resteasy.core.SynchronousDispatcher.getResponse(SynchronousDispatcher.java:542)
	at org.jboss.resteasy.core.SynchronousDispatcher.invoke(SynchronousDispatcher.java:524)
	at org.jboss.resteasy.core.SynchronousDispatcher.invoke(SynchronousDispatcher.java:126)
	at org.jboss.resteasy.plugins.server.netty.RequestDispatcher.service(RequestDispatcher.java:82)
	at org.jboss.resteasy.plugins.server.netty.RequestHandler.messageReceived(RequestHandler.java:51)
	at org.jboss.netty.channel.SimpleChannelUpstreamHandler.handleUpstream(SimpleChannelUpstreamHandler.java:70)
	at org.jboss.netty.channel.DefaultChannelPipeline.sendUpstream(DefaultChannelPipeline.java:564)
	at org.jboss.netty.channel.DefaultChannelPipeline$DefaultChannelHandlerContext.sendUpstream(DefaultChannelPipeline.java:791)
	at org.jboss.netty.handler.execution.ChannelUpstreamEventRunnable.doRun(ChannelUpstreamEventRunnable.java:43)
	at org.jboss.netty.handler.execution.ChannelEventRunnable.run(ChannelEventRunnable.java:67)
	at org.jboss.netty.handler.execution.OrderedMemoryAwareThreadPoolExecutor$ChildExecutor.run(OrderedMemoryAwareThreadPoolExecutor.java:314)
	at java.util.concurrent.ThreadPoolExecutor.runWorker(Unknown Source)
	at java.util.concurrent.ThreadPoolExecutor$Worker.run(Unknown Source)
	at java.lang.Thread.run(Unknown Source)
2017-04-09 00:56:45,635 [pool-3-thread-4] [info.sheen.nettyRrest.handler.RestExceptionHandler:26] [ERROR] - *******handler exception***********
org.jboss.resteasy.spi.BadRequestException: Failed processing arguments of public java.lang.String info.sheen.nettyRrest.service.WechatTestService.test(java.lang.String,java.lang.String)
	at org.jboss.resteasy.core.MethodInjectorImpl.injectArguments(MethodInjectorImpl.java:151)
	at org.jboss.resteasy.core.MethodInjectorImpl.invoke(MethodInjectorImpl.java:159)
	at org.jboss.resteasy.core.ResourceMethod.invokeOnTarget(ResourceMethod.java:269)
	at org.jboss.resteasy.core.ResourceMethod.invoke(ResourceMethod.java:227)
	at org.jboss.resteasy.core.ResourceMethod.invoke(ResourceMethod.java:216)
	at org.jboss.resteasy.core.SynchronousDispatcher.getResponse(SynchronousDispatcher.java:542)
	at org.jboss.resteasy.core.SynchronousDispatcher.invoke(SynchronousDispatcher.java:524)
	at org.jboss.resteasy.core.SynchronousDispatcher.invoke(SynchronousDispatcher.java:126)
	at org.jboss.resteasy.plugins.server.netty.RequestDispatcher.service(RequestDispatcher.java:82)
	at org.jboss.resteasy.plugins.server.netty.RequestHandler.messageReceived(RequestHandler.java:51)
	at org.jboss.netty.channel.SimpleChannelUpstreamHandler.handleUpstream(SimpleChannelUpstreamHandler.java:70)
	at org.jboss.netty.channel.DefaultChannelPipeline.sendUpstream(DefaultChannelPipeline.java:564)
	at org.jboss.netty.channel.DefaultChannelPipeline$DefaultChannelHandlerContext.sendUpstream(DefaultChannelPipeline.java:791)
	at org.jboss.netty.handler.execution.ChannelUpstreamEventRunnable.doRun(ChannelUpstreamEventRunnable.java:43)
	at org.jboss.netty.handler.execution.ChannelEventRunnable.run(ChannelEventRunnable.java:67)
	at org.jboss.netty.handler.execution.OrderedMemoryAwareThreadPoolExecutor$ChildExecutor.run(OrderedMemoryAwareThreadPoolExecutor.java:314)
	at java.util.concurrent.ThreadPoolExecutor.runWorker(Unknown Source)
	at java.util.concurrent.ThreadPoolExecutor$Worker.run(Unknown Source)
	at java.lang.Thread.run(Unknown Source)
Caused by: java.lang.IllegalArgumentException: Request media type is not application/x-www-form-urlencoded
	at org.jboss.resteasy.plugins.server.netty.NettyHttpRequest.getFormParameters(NettyHttpRequest.java:79)
	at org.jboss.resteasy.plugins.server.netty.NettyHttpRequest.getDecodedFormParameters(NettyHttpRequest.java:88)
	at org.jboss.resteasy.core.FormParamInjector.inject(FormParamInjector.java:32)
	at org.jboss.resteasy.core.MethodInjectorImpl.injectArguments(MethodInjectorImpl.java:136)
	... 18 more
2017-04-09 01:10:31,687 [pool-3-thread-9] [info.sheen.nettyRrest.handler.RestExceptionHandler:26] [ERROR] - *******handler exception***********
java.lang.IllegalArgumentException: Request media type is not application/x-www-form-urlencoded
	at org.jboss.resteasy.plugins.server.netty.NettyHttpRequest.getFormParameters(NettyHttpRequest.java:79)
	at info.sheen.nettyRrest.interceptor.UserInfoInterceptor.preProcess(UserInfoInterceptor.java:35)
	at org.jboss.resteasy.core.ResourceMethod.invokeOnTarget(ResourceMethod.java:252)
	at org.jboss.resteasy.core.ResourceMethod.invoke(ResourceMethod.java:227)
	at org.jboss.resteasy.core.ResourceMethod.invoke(ResourceMethod.java:216)
	at org.jboss.resteasy.core.SynchronousDispatcher.getResponse(SynchronousDispatcher.java:542)
	at org.jboss.resteasy.core.SynchronousDispatcher.invoke(SynchronousDispatcher.java:524)
	at org.jboss.resteasy.core.SynchronousDispatcher.invoke(SynchronousDispatcher.java:126)
	at org.jboss.resteasy.plugins.server.netty.RequestDispatcher.service(RequestDispatcher.java:82)
	at org.jboss.resteasy.plugins.server.netty.RequestHandler.messageReceived(RequestHandler.java:51)
	at org.jboss.netty.channel.SimpleChannelUpstreamHandler.handleUpstream(SimpleChannelUpstreamHandler.java:70)
	at org.jboss.netty.channel.DefaultChannelPipeline.sendUpstream(DefaultChannelPipeline.java:564)
	at org.jboss.netty.channel.DefaultChannelPipeline$DefaultChannelHandlerContext.sendUpstream(DefaultChannelPipeline.java:791)
	at org.jboss.netty.handler.execution.ChannelUpstreamEventRunnable.doRun(ChannelUpstreamEventRunnable.java:43)
	at org.jboss.netty.handler.execution.ChannelEventRunnable.run(ChannelEventRunnable.java:67)
	at org.jboss.netty.handler.execution.OrderedMemoryAwareThreadPoolExecutor$ChildExecutor.run(OrderedMemoryAwareThreadPoolExecutor.java:314)
	at java.util.concurrent.ThreadPoolExecutor.runWorker(Unknown Source)
	at java.util.concurrent.ThreadPoolExecutor$Worker.run(Unknown Source)
	at java.lang.Thread.run(Unknown Source)
2017-04-09 01:14:46,249 [pool-3-thread-4] [info.sheen.nettyRrest.handler.RestExceptionHandler:26] [ERROR] - *******handler exception***********
java.lang.NullPointerException
	at info.sheen.nettyRrest.interceptor.UserInfoInterceptor.preProcess(UserInfoInterceptor.java:43)
	at org.jboss.resteasy.core.ResourceMethod.invokeOnTarget(ResourceMethod.java:252)
	at org.jboss.resteasy.core.ResourceMethod.invoke(ResourceMethod.java:227)
	at org.jboss.resteasy.core.ResourceMethod.invoke(ResourceMethod.java:216)
	at org.jboss.resteasy.core.SynchronousDispatcher.getResponse(SynchronousDispatcher.java:542)
	at org.jboss.resteasy.core.SynchronousDispatcher.invoke(SynchronousDispatcher.java:524)
	at org.jboss.resteasy.core.SynchronousDispatcher.invoke(SynchronousDispatcher.java:126)
	at org.jboss.resteasy.plugins.server.netty.RequestDispatcher.service(RequestDispatcher.java:82)
	at org.jboss.resteasy.plugins.server.netty.RequestHandler.messageReceived(RequestHandler.java:51)
	at org.jboss.netty.channel.SimpleChannelUpstreamHandler.handleUpstream(SimpleChannelUpstreamHandler.java:70)
	at org.jboss.netty.channel.DefaultChannelPipeline.sendUpstream(DefaultChannelPipeline.java:564)
	at org.jboss.netty.channel.DefaultChannelPipeline$DefaultChannelHandlerContext.sendUpstream(DefaultChannelPipeline.java:791)
	at org.jboss.netty.handler.execution.ChannelUpstreamEventRunnable.doRun(ChannelUpstreamEventRunnable.java:43)
	at org.jboss.netty.handler.execution.ChannelEventRunnable.run(ChannelEventRunnable.java:67)
	at org.jboss.netty.handler.execution.OrderedMemoryAwareThreadPoolExecutor$ChildExecutor.run(OrderedMemoryAwareThreadPoolExecutor.java:314)
	at java.util.concurrent.ThreadPoolExecutor.runWorker(Unknown Source)
	at java.util.concurrent.ThreadPoolExecutor$Worker.run(Unknown Source)
	at java.lang.Thread.run(Unknown Source)
2017-04-09 01:19:27,872 [pool-3-thread-4] [info.sheen.nettyRrest.handler.RestExceptionHandler:26] [ERROR] - *******handler exception***********
java.lang.IllegalArgumentException: Request media type is not application/x-www-form-urlencoded
	at org.jboss.resteasy.plugins.server.netty.NettyHttpRequest.getFormParameters(NettyHttpRequest.java:79)
	at info.sheen.nettyRrest.interceptor.UserInfoInterceptor.preProcess(UserInfoInterceptor.java:43)
	at org.jboss.resteasy.core.ResourceMethod.invokeOnTarget(ResourceMethod.java:252)
	at org.jboss.resteasy.core.ResourceMethod.invoke(ResourceMethod.java:227)
	at org.jboss.resteasy.core.ResourceMethod.invoke(ResourceMethod.java:216)
	at org.jboss.resteasy.core.SynchronousDispatcher.getResponse(SynchronousDispatcher.java:542)
	at org.jboss.resteasy.core.SynchronousDispatcher.invoke(SynchronousDispatcher.java:524)
	at org.jboss.resteasy.core.SynchronousDispatcher.invoke(SynchronousDispatcher.java:126)
	at org.jboss.resteasy.plugins.server.netty.RequestDispatcher.service(RequestDispatcher.java:82)
	at org.jboss.resteasy.plugins.server.netty.RequestHandler.messageReceived(RequestHandler.java:51)
	at org.jboss.netty.channel.SimpleChannelUpstreamHandler.handleUpstream(SimpleChannelUpstreamHandler.java:70)
	at org.jboss.netty.channel.DefaultChannelPipeline.sendUpstream(DefaultChannelPipeline.java:564)
	at org.jboss.netty.channel.DefaultChannelPipeline$DefaultChannelHandlerContext.sendUpstream(DefaultChannelPipeline.java:791)
	at org.jboss.netty.handler.execution.ChannelUpstreamEventRunnable.doRun(ChannelUpstreamEventRunnable.java:43)
	at org.jboss.netty.handler.execution.ChannelEventRunnable.run(ChannelEventRunnable.java:67)
	at org.jboss.netty.handler.execution.OrderedMemoryAwareThreadPoolExecutor$ChildExecutor.run(OrderedMemoryAwareThreadPoolExecutor.java:314)
	at java.util.concurrent.ThreadPoolExecutor.runWorker(Unknown Source)
	at java.util.concurrent.ThreadPoolExecutor$Worker.run(Unknown Source)
	at java.lang.Thread.run(Unknown Source)
2017-04-09 01:40:39,196 [pool-3-thread-4] [info.sheen.nettyRrest.handler.RestExceptionHandler:26] [ERROR] - *******handler exception***********
java.lang.NullPointerException
	at java.util.ComparableTimSort.countRunAndMakeAscending(Unknown Source)
	at java.util.ComparableTimSort.sort(Unknown Source)
	at java.util.ComparableTimSort.sort(Unknown Source)
	at java.util.Arrays.sort(Unknown Source)
	at info.sheen.nettyRrest.util.CheckUtil.check(CheckUtil.java:10)
	at info.sheen.nettyRrest.service.WechatTestService.test(WechatTestService.java:33)
	at sun.reflect.NativeMethodAccessorImpl.invoke0(Native Method)
	at sun.reflect.NativeMethodAccessorImpl.invoke(Unknown Source)
	at sun.reflect.DelegatingMethodAccessorImpl.invoke(Unknown Source)
	at java.lang.reflect.Method.invoke(Unknown Source)
	at org.jboss.resteasy.core.MethodInjectorImpl.invoke(MethodInjectorImpl.java:167)
	at org.jboss.resteasy.core.ResourceMethod.invokeOnTarget(ResourceMethod.java:269)
	at org.jboss.resteasy.core.ResourceMethod.invoke(ResourceMethod.java:227)
	at org.jboss.resteasy.core.ResourceMethod.invoke(ResourceMethod.java:216)
	at org.jboss.resteasy.core.SynchronousDispatcher.getResponse(SynchronousDispatcher.java:542)
	at org.jboss.resteasy.core.SynchronousDispatcher.invoke(SynchronousDispatcher.java:524)
	at org.jboss.resteasy.core.SynchronousDispatcher.invoke(SynchronousDispatcher.java:126)
	at org.jboss.resteasy.plugins.server.netty.RequestDispatcher.service(RequestDispatcher.java:82)
	at org.jboss.resteasy.plugins.server.netty.RequestHandler.messageReceived(RequestHandler.java:51)
	at org.jboss.netty.channel.SimpleChannelUpstreamHandler.handleUpstream(SimpleChannelUpstreamHandler.java:70)
	at org.jboss.netty.channel.DefaultChannelPipeline.sendUpstream(DefaultChannelPipeline.java:564)
	at org.jboss.netty.channel.DefaultChannelPipeline$DefaultChannelHandlerContext.sendUpstream(DefaultChannelPipeline.java:791)
	at org.jboss.netty.handler.execution.ChannelUpstreamEventRunnable.doRun(ChannelUpstreamEventRunnable.java:43)
	at org.jboss.netty.handler.execution.ChannelEventRunnable.run(ChannelEventRunnable.java:67)
	at org.jboss.netty.handler.execution.OrderedMemoryAwareThreadPoolExecutor$ChildExecutor.run(OrderedMemoryAwareThreadPoolExecutor.java:314)
	at java.util.concurrent.ThreadPoolExecutor.runWorker(Unknown Source)
	at java.util.concurrent.ThreadPoolExecutor$Worker.run(Unknown Source)
	at java.lang.Thread.run(Unknown Source)
2017-04-09 01:53:43,150 [pool-3-thread-4] [info.sheen.nettyRrest.handler.RestExceptionHandler:26] [ERROR] - *******handler exception***********
java.lang.NullPointerException
	at info.sheen.nettyRrest.interceptor.UserInfoInterceptor.preProcess(UserInfoInterceptor.java:37)
	at org.jboss.resteasy.core.ResourceMethod.invokeOnTarget(ResourceMethod.java:252)
	at org.jboss.resteasy.core.ResourceMethod.invoke(ResourceMethod.java:227)
	at org.jboss.resteasy.core.ResourceMethod.invoke(ResourceMethod.java:216)
	at org.jboss.resteasy.core.SynchronousDispatcher.getResponse(SynchronousDispatcher.java:542)
	at org.jboss.resteasy.core.SynchronousDispatcher.invoke(SynchronousDispatcher.java:524)
	at org.jboss.resteasy.core.SynchronousDispatcher.invoke(SynchronousDispatcher.java:126)
	at org.jboss.resteasy.plugins.server.netty.RequestDispatcher.service(RequestDispatcher.java:82)
	at org.jboss.resteasy.plugins.server.netty.RequestHandler.messageReceived(RequestHandler.java:51)
	at org.jboss.netty.channel.SimpleChannelUpstreamHandler.handleUpstream(SimpleChannelUpstreamHandler.java:70)
	at org.jboss.netty.channel.DefaultChannelPipeline.sendUpstream(DefaultChannelPipeline.java:564)
	at org.jboss.netty.channel.DefaultChannelPipeline$DefaultChannelHandlerContext.sendUpstream(DefaultChannelPipeline.java:791)
	at org.jboss.netty.handler.execution.ChannelUpstreamEventRunnable.doRun(ChannelUpstreamEventRunnable.java:43)
	at org.jboss.netty.handler.execution.ChannelEventRunnable.run(ChannelEventRunnable.java:67)
	at org.jboss.netty.handler.execution.OrderedMemoryAwareThreadPoolExecutor$ChildExecutor.run(OrderedMemoryAwareThreadPoolExecutor.java:314)
	at java.util.concurrent.ThreadPoolExecutor.runWorker(Unknown Source)
	at java.util.concurrent.ThreadPoolExecutor$Worker.run(Unknown Source)
	at java.lang.Thread.run(Unknown Source)
2017-04-09 01:54:33,841 [pool-3-thread-4] [info.sheen.nettyRrest.handler.RestExceptionHandler:26] [ERROR] - *******handler exception***********
java.lang.NullPointerException
	at info.sheen.nettyRrest.service.WechatTestService.test(WechatTestService.java:26)
	at sun.reflect.NativeMethodAccessorImpl.invoke0(Native Method)
	at sun.reflect.NativeMethodAccessorImpl.invoke(Unknown Source)
	at sun.reflect.DelegatingMethodAccessorImpl.invoke(Unknown Source)
	at java.lang.reflect.Method.invoke(Unknown Source)
	at org.jboss.resteasy.core.MethodInjectorImpl.invoke(MethodInjectorImpl.java:167)
	at org.jboss.resteasy.core.ResourceMethod.invokeOnTarget(ResourceMethod.java:269)
	at org.jboss.resteasy.core.ResourceMethod.invoke(ResourceMethod.java:227)
	at org.jboss.resteasy.core.ResourceMethod.invoke(ResourceMethod.java:216)
	at org.jboss.resteasy.core.SynchronousDispatcher.getResponse(SynchronousDispatcher.java:542)
	at org.jboss.resteasy.core.SynchronousDispatcher.invoke(SynchronousDispatcher.java:524)
	at org.jboss.resteasy.core.SynchronousDispatcher.invoke(SynchronousDispatcher.java:126)
	at org.jboss.resteasy.plugins.server.netty.RequestDispatcher.service(RequestDispatcher.java:82)
	at org.jboss.resteasy.plugins.server.netty.RequestHandler.messageReceived(RequestHandler.java:51)
	at org.jboss.netty.channel.SimpleChannelUpstreamHandler.handleUpstream(SimpleChannelUpstreamHandler.java:70)
	at org.jboss.netty.channel.DefaultChannelPipeline.sendUpstream(DefaultChannelPipeline.java:564)
	at org.jboss.netty.channel.DefaultChannelPipeline$DefaultChannelHandlerContext.sendUpstream(DefaultChannelPipeline.java:791)
	at org.jboss.netty.handler.execution.ChannelUpstreamEventRunnable.doRun(ChannelUpstreamEventRunnable.java:43)
	at org.jboss.netty.handler.execution.ChannelEventRunnable.run(ChannelEventRunnable.java:67)
	at org.jboss.netty.handler.execution.OrderedMemoryAwareThreadPoolExecutor$ChildExecutor.run(OrderedMemoryAwareThreadPoolExecutor.java:314)
	at java.util.concurrent.ThreadPoolExecutor.runWorker(Unknown Source)
	at java.util.concurrent.ThreadPoolExecutor$Worker.run(Unknown Source)
	at java.lang.Thread.run(Unknown Source)
2017-04-09 02:36:51,060 [pool-3-thread-4] [info.sheen.nettyRrest.handler.RestExceptionHandler:26] [ERROR] - *******handler exception***********
org.jboss.resteasy.spi.BadRequestException: Could not find message body reader for type: interface org.jboss.resteasy.spi.HttpRequest of content type: application/json
	at org.jboss.resteasy.core.MessageBodyParameterInjector.inject(MessageBodyParameterInjector.java:153)
	at org.jboss.resteasy.core.MethodInjectorImpl.injectArguments(MethodInjectorImpl.java:136)
	at org.jboss.resteasy.core.MethodInjectorImpl.invoke(MethodInjectorImpl.java:159)
	at org.jboss.resteasy.core.ResourceMethod.invokeOnTarget(ResourceMethod.java:269)
	at org.jboss.resteasy.core.ResourceMethod.invoke(ResourceMethod.java:227)
	at org.jboss.resteasy.core.ResourceMethod.invoke(ResourceMethod.java:216)
	at org.jboss.resteasy.core.SynchronousDispatcher.getResponse(SynchronousDispatcher.java:542)
	at org.jboss.resteasy.core.SynchronousDispatcher.invoke(SynchronousDispatcher.java:524)
	at org.jboss.resteasy.core.SynchronousDispatcher.invoke(SynchronousDispatcher.java:126)
	at org.jboss.resteasy.plugins.server.netty.RequestDispatcher.service(RequestDispatcher.java:82)
	at org.jboss.resteasy.plugins.server.netty.RequestHandler.messageReceived(RequestHandler.java:51)
	at org.jboss.netty.channel.SimpleChannelUpstreamHandler.handleUpstream(SimpleChannelUpstreamHandler.java:70)
	at org.jboss.netty.channel.DefaultChannelPipeline.sendUpstream(DefaultChannelPipeline.java:564)
	at org.jboss.netty.channel.DefaultChannelPipeline$DefaultChannelHandlerContext.sendUpstream(DefaultChannelPipeline.java:791)
	at org.jboss.netty.handler.execution.ChannelUpstreamEventRunnable.doRun(ChannelUpstreamEventRunnable.java:43)
	at org.jboss.netty.handler.execution.ChannelEventRunnable.run(ChannelEventRunnable.java:67)
	at org.jboss.netty.handler.execution.OrderedMemoryAwareThreadPoolExecutor$ChildExecutor.run(OrderedMemoryAwareThreadPoolExecutor.java:314)
	at java.util.concurrent.ThreadPoolExecutor.runWorker(Unknown Source)
	at java.util.concurrent.ThreadPoolExecutor$Worker.run(Unknown Source)
	at java.lang.Thread.run(Unknown Source)
2017-04-09 02:42:09,354 [pool-3-thread-9] [info.sheen.nettyRrest.handler.RestExceptionHandler:26] [ERROR] - *******handler exception***********
org.jboss.resteasy.spi.BadRequestException: Could not find message body reader for type: interface org.jboss.resteasy.spi.HttpRequest of content type: application/x-www-form-urlencoded;charset="UTF-8"
	at org.jboss.resteasy.core.MessageBodyParameterInjector.inject(MessageBodyParameterInjector.java:153)
	at org.jboss.resteasy.core.MethodInjectorImpl.injectArguments(MethodInjectorImpl.java:136)
	at org.jboss.resteasy.core.MethodInjectorImpl.invoke(MethodInjectorImpl.java:159)
	at org.jboss.resteasy.core.ResourceMethod.invokeOnTarget(ResourceMethod.java:269)
	at org.jboss.resteasy.core.ResourceMethod.invoke(ResourceMethod.java:227)
	at org.jboss.resteasy.core.ResourceMethod.invoke(ResourceMethod.java:216)
	at org.jboss.resteasy.core.SynchronousDispatcher.getResponse(SynchronousDispatcher.java:542)
	at org.jboss.resteasy.core.SynchronousDispatcher.invoke(SynchronousDispatcher.java:524)
	at org.jboss.resteasy.core.SynchronousDispatcher.invoke(SynchronousDispatcher.java:126)
	at org.jboss.resteasy.plugins.server.netty.RequestDispatcher.service(RequestDispatcher.java:82)
	at org.jboss.resteasy.plugins.server.netty.RequestHandler.messageReceived(RequestHandler.java:51)
	at org.jboss.netty.channel.SimpleChannelUpstreamHandler.handleUpstream(SimpleChannelUpstreamHandler.java:70)
	at org.jboss.netty.channel.DefaultChannelPipeline.sendUpstream(DefaultChannelPipeline.java:564)
	at org.jboss.netty.channel.DefaultChannelPipeline$DefaultChannelHandlerContext.sendUpstream(DefaultChannelPipeline.java:791)
	at org.jboss.netty.handler.execution.ChannelUpstreamEventRunnable.doRun(ChannelUpstreamEventRunnable.java:43)
	at org.jboss.netty.handler.execution.ChannelEventRunnable.run(ChannelEventRunnable.java:67)
	at org.jboss.netty.handler.execution.OrderedMemoryAwareThreadPoolExecutor$ChildExecutor.run(OrderedMemoryAwareThreadPoolExecutor.java:314)
	at java.util.concurrent.ThreadPoolExecutor.runWorker(Unknown Source)
	at java.util.concurrent.ThreadPoolExecutor$Worker.run(Unknown Source)
	at java.lang.Thread.run(Unknown Source)
2017-04-09 02:45:03,784 [pool-3-thread-15] [info.sheen.nettyRrest.handler.RestExceptionHandler:26] [ERROR] - *******handler exception***********
org.jboss.resteasy.spi.BadRequestException: Could not find message body reader for type: interface org.jboss.resteasy.spi.HttpRequest of content type: text/xml
	at org.jboss.resteasy.core.MessageBodyParameterInjector.inject(MessageBodyParameterInjector.java:153)
	at org.jboss.resteasy.core.MethodInjectorImpl.injectArguments(MethodInjectorImpl.java:136)
	at org.jboss.resteasy.core.MethodInjectorImpl.invoke(MethodInjectorImpl.java:159)
	at org.jboss.resteasy.core.ResourceMethod.invokeOnTarget(ResourceMethod.java:269)
	at org.jboss.resteasy.core.ResourceMethod.invoke(ResourceMethod.java:227)
	at org.jboss.resteasy.core.ResourceMethod.invoke(ResourceMethod.java:216)
	at org.jboss.resteasy.core.SynchronousDispatcher.getResponse(SynchronousDispatcher.java:542)
	at org.jboss.resteasy.core.SynchronousDispatcher.invoke(SynchronousDispatcher.java:524)
	at org.jboss.resteasy.core.SynchronousDispatcher.invoke(SynchronousDispatcher.java:126)
	at org.jboss.resteasy.plugins.server.netty.RequestDispatcher.service(RequestDispatcher.java:82)
	at org.jboss.resteasy.plugins.server.netty.RequestHandler.messageReceived(RequestHandler.java:51)
	at org.jboss.netty.channel.SimpleChannelUpstreamHandler.handleUpstream(SimpleChannelUpstreamHandler.java:70)
	at org.jboss.netty.channel.DefaultChannelPipeline.sendUpstream(DefaultChannelPipeline.java:564)
	at org.jboss.netty.channel.DefaultChannelPipeline$DefaultChannelHandlerContext.sendUpstream(DefaultChannelPipeline.java:791)
	at org.jboss.netty.handler.execution.ChannelUpstreamEventRunnable.doRun(ChannelUpstreamEventRunnable.java:43)
	at org.jboss.netty.handler.execution.ChannelEventRunnable.run(ChannelEventRunnable.java:67)
	at org.jboss.netty.handler.execution.OrderedMemoryAwareThreadPoolExecutor$ChildExecutor.run(OrderedMemoryAwareThreadPoolExecutor.java:314)
	at java.util.concurrent.ThreadPoolExecutor.runWorker(Unknown Source)
	at java.util.concurrent.ThreadPoolExecutor$Worker.run(Unknown Source)
	at java.lang.Thread.run(Unknown Source)
2017-04-09 02:47:50,190 [pool-3-thread-21] [info.sheen.nettyRrest.handler.RestExceptionHandler:26] [ERROR] - *******handler exception***********
org.jboss.resteasy.spi.BadRequestException: Could not find message body reader for type: interface org.jboss.resteasy.spi.HttpRequest of content type: text/xml
	at org.jboss.resteasy.core.MessageBodyParameterInjector.inject(MessageBodyParameterInjector.java:153)
	at org.jboss.resteasy.core.MethodInjectorImpl.injectArguments(MethodInjectorImpl.java:136)
	at org.jboss.resteasy.core.MethodInjectorImpl.invoke(MethodInjectorImpl.java:159)
	at org.jboss.resteasy.core.ResourceMethod.invokeOnTarget(ResourceMethod.java:269)
	at org.jboss.resteasy.core.ResourceMethod.invoke(ResourceMethod.java:227)
	at org.jboss.resteasy.core.ResourceMethod.invoke(ResourceMethod.java:216)
	at org.jboss.resteasy.core.SynchronousDispatcher.getResponse(SynchronousDispatcher.java:542)
	at org.jboss.resteasy.core.SynchronousDispatcher.invoke(SynchronousDispatcher.java:524)
	at org.jboss.resteasy.core.SynchronousDispatcher.invoke(SynchronousDispatcher.java:126)
	at org.jboss.resteasy.plugins.server.netty.RequestDispatcher.service(RequestDispatcher.java:82)
	at org.jboss.resteasy.plugins.server.netty.RequestHandler.messageReceived(RequestHandler.java:51)
	at org.jboss.netty.channel.SimpleChannelUpstreamHandler.handleUpstream(SimpleChannelUpstreamHandler.java:70)
	at org.jboss.netty.channel.DefaultChannelPipeline.sendUpstream(DefaultChannelPipeline.java:564)
	at org.jboss.netty.channel.DefaultChannelPipeline$DefaultChannelHandlerContext.sendUpstream(DefaultChannelPipeline.java:791)
	at org.jboss.netty.handler.execution.ChannelUpstreamEventRunnable.doRun(ChannelUpstreamEventRunnable.java:43)
	at org.jboss.netty.handler.execution.ChannelEventRunnable.run(ChannelEventRunnable.java:67)
	at org.jboss.netty.handler.execution.OrderedMemoryAwareThreadPoolExecutor$ChildExecutor.run(OrderedMemoryAwareThreadPoolExecutor.java:314)
	at java.util.concurrent.ThreadPoolExecutor.runWorker(Unknown Source)
	at java.util.concurrent.ThreadPoolExecutor$Worker.run(Unknown Source)
	at java.lang.Thread.run(Unknown Source)
2017-04-09 02:48:49,599 [pool-3-thread-27] [info.sheen.nettyRrest.handler.RestExceptionHandler:26] [ERROR] - *******handler exception***********
org.jboss.resteasy.spi.BadRequestException: Could not find message body reader for type: interface org.jboss.resteasy.spi.HttpRequest of content type: text/xml
	at org.jboss.resteasy.core.MessageBodyParameterInjector.inject(MessageBodyParameterInjector.java:153)
	at org.jboss.resteasy.core.MethodInjectorImpl.injectArguments(MethodInjectorImpl.java:136)
	at org.jboss.resteasy.core.MethodInjectorImpl.invoke(MethodInjectorImpl.java:159)
	at org.jboss.resteasy.core.ResourceMethod.invokeOnTarget(ResourceMethod.java:269)
	at org.jboss.resteasy.core.ResourceMethod.invoke(ResourceMethod.java:227)
	at org.jboss.resteasy.core.ResourceMethod.invoke(ResourceMethod.java:216)
	at org.jboss.resteasy.core.SynchronousDispatcher.getResponse(SynchronousDispatcher.java:542)
	at org.jboss.resteasy.core.SynchronousDispatcher.invoke(SynchronousDispatcher.java:524)
	at org.jboss.resteasy.core.SynchronousDispatcher.invoke(SynchronousDispatcher.java:126)
	at org.jboss.resteasy.plugins.server.netty.RequestDispatcher.service(RequestDispatcher.java:82)
	at org.jboss.resteasy.plugins.server.netty.RequestHandler.messageReceived(RequestHandler.java:51)
	at org.jboss.netty.channel.SimpleChannelUpstreamHandler.handleUpstream(SimpleChannelUpstreamHandler.java:70)
	at org.jboss.netty.channel.DefaultChannelPipeline.sendUpstream(DefaultChannelPipeline.java:564)
	at org.jboss.netty.channel.DefaultChannelPipeline$DefaultChannelHandlerContext.sendUpstream(DefaultChannelPipeline.java:791)
	at org.jboss.netty.handler.execution.ChannelUpstreamEventRunnable.doRun(ChannelUpstreamEventRunnable.java:43)
	at org.jboss.netty.handler.execution.ChannelEventRunnable.run(ChannelEventRunnable.java:67)
	at org.jboss.netty.handler.execution.OrderedMemoryAwareThreadPoolExecutor$ChildExecutor.run(OrderedMemoryAwareThreadPoolExecutor.java:314)
	at java.util.concurrent.ThreadPoolExecutor.runWorker(Unknown Source)
	at java.util.concurrent.ThreadPoolExecutor$Worker.run(Unknown Source)
	at java.lang.Thread.run(Unknown Source)
2017-04-09 16:01:46,302 [pool-3-thread-4] [info.sheen.nettyRrest.handler.RestExceptionHandler:26] [ERROR] - *******handler exception***********
org.jboss.resteasy.spi.BadRequestException: Could not find message body reader for type: interface org.jboss.resteasy.spi.HttpRequest of content type: text/xml
	at org.jboss.resteasy.core.MessageBodyParameterInjector.inject(MessageBodyParameterInjector.java:153)
	at org.jboss.resteasy.core.MethodInjectorImpl.injectArguments(MethodInjectorImpl.java:136)
	at org.jboss.resteasy.core.MethodInjectorImpl.invoke(MethodInjectorImpl.java:159)
	at org.jboss.resteasy.core.ResourceMethod.invokeOnTarget(ResourceMethod.java:269)
	at org.jboss.resteasy.core.ResourceMethod.invoke(ResourceMethod.java:227)
	at org.jboss.resteasy.core.ResourceMethod.invoke(ResourceMethod.java:216)
	at org.jboss.resteasy.core.SynchronousDispatcher.getResponse(SynchronousDispatcher.java:542)
	at org.jboss.resteasy.core.SynchronousDispatcher.invoke(SynchronousDispatcher.java:524)
	at org.jboss.resteasy.core.SynchronousDispatcher.invoke(SynchronousDispatcher.java:126)
	at org.jboss.resteasy.plugins.server.netty.RequestDispatcher.service(RequestDispatcher.java:82)
	at org.jboss.resteasy.plugins.server.netty.RequestHandler.messageReceived(RequestHandler.java:51)
	at org.jboss.netty.channel.SimpleChannelUpstreamHandler.handleUpstream(SimpleChannelUpstreamHandler.java:70)
	at org.jboss.netty.channel.DefaultChannelPipeline.sendUpstream(DefaultChannelPipeline.java:564)
	at org.jboss.netty.channel.DefaultChannelPipeline$DefaultChannelHandlerContext.sendUpstream(DefaultChannelPipeline.java:791)
	at org.jboss.netty.handler.execution.ChannelUpstreamEventRunnable.doRun(ChannelUpstreamEventRunnable.java:43)
	at org.jboss.netty.handler.execution.ChannelEventRunnable.run(ChannelEventRunnable.java:67)
	at org.jboss.netty.handler.execution.OrderedMemoryAwareThreadPoolExecutor$ChildExecutor.run(OrderedMemoryAwareThreadPoolExecutor.java:314)
	at java.util.concurrent.ThreadPoolExecutor.runWorker(Unknown Source)
	at java.util.concurrent.ThreadPoolExecutor$Worker.run(Unknown Source)
	at java.lang.Thread.run(Unknown Source)
2017-04-09 16:02:58,753 [pool-3-thread-4] [info.sheen.nettyRrest.handler.RestExceptionHandler:26] [ERROR] - *******handler exception***********
org.jboss.resteasy.spi.BadRequestException: Could not find message body reader for type: interface org.jboss.resteasy.spi.HttpRequest of content type: text/xml
	at org.jboss.resteasy.core.MessageBodyParameterInjector.inject(MessageBodyParameterInjector.java:153)
	at org.jboss.resteasy.core.MethodInjectorImpl.injectArguments(MethodInjectorImpl.java:136)
	at org.jboss.resteasy.core.MethodInjectorImpl.invoke(MethodInjectorImpl.java:159)
	at org.jboss.resteasy.core.ResourceMethod.invokeOnTarget(ResourceMethod.java:269)
	at org.jboss.resteasy.core.ResourceMethod.invoke(ResourceMethod.java:227)
	at org.jboss.resteasy.core.ResourceMethod.invoke(ResourceMethod.java:216)
	at org.jboss.resteasy.core.SynchronousDispatcher.getResponse(SynchronousDispatcher.java:542)
	at org.jboss.resteasy.core.SynchronousDispatcher.invoke(SynchronousDispatcher.java:524)
	at org.jboss.resteasy.core.SynchronousDispatcher.invoke(SynchronousDispatcher.java:126)
	at org.jboss.resteasy.plugins.server.netty.RequestDispatcher.service(RequestDispatcher.java:82)
	at org.jboss.resteasy.plugins.server.netty.RequestHandler.messageReceived(RequestHandler.java:51)
	at org.jboss.netty.channel.SimpleChannelUpstreamHandler.handleUpstream(SimpleChannelUpstreamHandler.java:70)
	at org.jboss.netty.channel.DefaultChannelPipeline.sendUpstream(DefaultChannelPipeline.java:564)
	at org.jboss.netty.channel.DefaultChannelPipeline$DefaultChannelHandlerContext.sendUpstream(DefaultChannelPipeline.java:791)
	at org.jboss.netty.handler.execution.ChannelUpstreamEventRunnable.doRun(ChannelUpstreamEventRunnable.java:43)
	at org.jboss.netty.handler.execution.ChannelEventRunnable.run(ChannelEventRunnable.java:67)
	at org.jboss.netty.handler.execution.OrderedMemoryAwareThreadPoolExecutor$ChildExecutor.run(OrderedMemoryAwareThreadPoolExecutor.java:314)
	at java.util.concurrent.ThreadPoolExecutor.runWorker(Unknown Source)
	at java.util.concurrent.ThreadPoolExecutor$Worker.run(Unknown Source)
	at java.lang.Thread.run(Unknown Source)
2017-04-09 16:06:25,006 [pool-3-thread-10] [info.sheen.nettyRrest.handler.RestExceptionHandler:26] [ERROR] - *******handler exception***********
org.jboss.resteasy.spi.BadRequestException: Could not find message body reader for type: interface org.jboss.resteasy.spi.HttpRequest of content type: text/xml
	at org.jboss.resteasy.core.MessageBodyParameterInjector.inject(MessageBodyParameterInjector.java:153)
	at org.jboss.resteasy.core.MethodInjectorImpl.injectArguments(MethodInjectorImpl.java:136)
	at org.jboss.resteasy.core.MethodInjectorImpl.invoke(MethodInjectorImpl.java:159)
	at org.jboss.resteasy.core.ResourceMethod.invokeOnTarget(ResourceMethod.java:269)
	at org.jboss.resteasy.core.ResourceMethod.invoke(ResourceMethod.java:227)
	at org.jboss.resteasy.core.ResourceMethod.invoke(ResourceMethod.java:216)
	at org.jboss.resteasy.core.SynchronousDispatcher.getResponse(SynchronousDispatcher.java:542)
	at org.jboss.resteasy.core.SynchronousDispatcher.invoke(SynchronousDispatcher.java:524)
	at org.jboss.resteasy.core.SynchronousDispatcher.invoke(SynchronousDispatcher.java:126)
	at org.jboss.resteasy.plugins.server.netty.RequestDispatcher.service(RequestDispatcher.java:82)
	at org.jboss.resteasy.plugins.server.netty.RequestHandler.messageReceived(RequestHandler.java:51)
	at org.jboss.netty.channel.SimpleChannelUpstreamHandler.handleUpstream(SimpleChannelUpstreamHandler.java:70)
	at org.jboss.netty.channel.DefaultChannelPipeline.sendUpstream(DefaultChannelPipeline.java:564)
	at org.jboss.netty.channel.DefaultChannelPipeline$DefaultChannelHandlerContext.sendUpstream(DefaultChannelPipeline.java:791)
	at org.jboss.netty.handler.execution.ChannelUpstreamEventRunnable.doRun(ChannelUpstreamEventRunnable.java:43)
	at org.jboss.netty.handler.execution.ChannelEventRunnable.run(ChannelEventRunnable.java:67)
	at org.jboss.netty.handler.execution.OrderedMemoryAwareThreadPoolExecutor$ChildExecutor.run(OrderedMemoryAwareThreadPoolExecutor.java:314)
	at java.util.concurrent.ThreadPoolExecutor.runWorker(Unknown Source)
	at java.util.concurrent.ThreadPoolExecutor$Worker.run(Unknown Source)
	at java.lang.Thread.run(Unknown Source)
2017-04-09 16:08:50,111 [pool-3-thread-16] [info.sheen.nettyRrest.handler.RestExceptionHandler:26] [ERROR] - *******handler exception***********
org.jboss.resteasy.spi.BadRequestException: Could not find message body reader for type: interface org.jboss.resteasy.spi.HttpRequest of content type: text/xml
	at org.jboss.resteasy.core.MessageBodyParameterInjector.inject(MessageBodyParameterInjector.java:153)
	at org.jboss.resteasy.core.MethodInjectorImpl.injectArguments(MethodInjectorImpl.java:136)
	at org.jboss.resteasy.core.MethodInjectorImpl.invoke(MethodInjectorImpl.java:159)
	at org.jboss.resteasy.core.ResourceMethod.invokeOnTarget(ResourceMethod.java:269)
	at org.jboss.resteasy.core.ResourceMethod.invoke(ResourceMethod.java:227)
	at org.jboss.resteasy.core.ResourceMethod.invoke(ResourceMethod.java:216)
	at org.jboss.resteasy.core.SynchronousDispatcher.getResponse(SynchronousDispatcher.java:542)
	at org.jboss.resteasy.core.SynchronousDispatcher.invoke(SynchronousDispatcher.java:524)
	at org.jboss.resteasy.core.SynchronousDispatcher.invoke(SynchronousDispatcher.java:126)
	at org.jboss.resteasy.plugins.server.netty.RequestDispatcher.service(RequestDispatcher.java:82)
	at org.jboss.resteasy.plugins.server.netty.RequestHandler.messageReceived(RequestHandler.java:51)
	at org.jboss.netty.channel.SimpleChannelUpstreamHandler.handleUpstream(SimpleChannelUpstreamHandler.java:70)
	at org.jboss.netty.channel.DefaultChannelPipeline.sendUpstream(DefaultChannelPipeline.java:564)
	at org.jboss.netty.channel.DefaultChannelPipeline$DefaultChannelHandlerContext.sendUpstream(DefaultChannelPipeline.java:791)
	at org.jboss.netty.handler.execution.ChannelUpstreamEventRunnable.doRun(ChannelUpstreamEventRunnable.java:43)
	at org.jboss.netty.handler.execution.ChannelEventRunnable.run(ChannelEventRunnable.java:67)
	at org.jboss.netty.handler.execution.OrderedMemoryAwareThreadPoolExecutor$ChildExecutor.run(OrderedMemoryAwareThreadPoolExecutor.java:314)
	at java.util.concurrent.ThreadPoolExecutor.runWorker(Unknown Source)
	at java.util.concurrent.ThreadPoolExecutor$Worker.run(Unknown Source)
	at java.lang.Thread.run(Unknown Source)
2017-04-09 16:09:54,258 [pool-3-thread-4] [info.sheen.nettyRrest.handler.RestExceptionHandler:26] [ERROR] - *******handler exception***********
org.jboss.resteasy.spi.BadRequestException: Could not find message body reader for type: interface org.jboss.resteasy.spi.HttpRequest of content type: application/json
	at org.jboss.resteasy.core.MessageBodyParameterInjector.inject(MessageBodyParameterInjector.java:153)
	at org.jboss.resteasy.core.MethodInjectorImpl.injectArguments(MethodInjectorImpl.java:136)
	at org.jboss.resteasy.core.MethodInjectorImpl.invoke(MethodInjectorImpl.java:159)
	at org.jboss.resteasy.core.ResourceMethod.invokeOnTarget(ResourceMethod.java:269)
	at org.jboss.resteasy.core.ResourceMethod.invoke(ResourceMethod.java:227)
	at org.jboss.resteasy.core.ResourceMethod.invoke(ResourceMethod.java:216)
	at org.jboss.resteasy.core.SynchronousDispatcher.getResponse(SynchronousDispatcher.java:542)
	at org.jboss.resteasy.core.SynchronousDispatcher.invoke(SynchronousDispatcher.java:524)
	at org.jboss.resteasy.core.SynchronousDispatcher.invoke(SynchronousDispatcher.java:126)
	at org.jboss.resteasy.plugins.server.netty.RequestDispatcher.service(RequestDispatcher.java:82)
	at org.jboss.resteasy.plugins.server.netty.RequestHandler.messageReceived(RequestHandler.java:51)
	at org.jboss.netty.channel.SimpleChannelUpstreamHandler.handleUpstream(SimpleChannelUpstreamHandler.java:70)
	at org.jboss.netty.channel.DefaultChannelPipeline.sendUpstream(DefaultChannelPipeline.java:564)
	at org.jboss.netty.channel.DefaultChannelPipeline$DefaultChannelHandlerContext.sendUpstream(DefaultChannelPipeline.java:791)
	at org.jboss.netty.handler.execution.ChannelUpstreamEventRunnable.doRun(ChannelUpstreamEventRunnable.java:43)
	at org.jboss.netty.handler.execution.ChannelEventRunnable.run(ChannelEventRunnable.java:67)
	at org.jboss.netty.handler.execution.OrderedMemoryAwareThreadPoolExecutor$ChildExecutor.run(OrderedMemoryAwareThreadPoolExecutor.java:314)
	at java.util.concurrent.ThreadPoolExecutor.runWorker(Unknown Source)
	at java.util.concurrent.ThreadPoolExecutor$Worker.run(Unknown Source)
	at java.lang.Thread.run(Unknown Source)
2017-04-09 16:10:41,450 [pool-3-thread-11] [info.sheen.nettyRrest.handler.RestExceptionHandler:26] [ERROR] - *******handler exception***********
org.jboss.resteasy.spi.BadRequestException: Failed processing arguments of public java.lang.String info.sheen.nettyRrest.service.UserService.queryUser(java.lang.String)
	at org.jboss.resteasy.core.MethodInjectorImpl.injectArguments(MethodInjectorImpl.java:151)
	at org.jboss.resteasy.core.MethodInjectorImpl.invoke(MethodInjectorImpl.java:159)
	at org.jboss.resteasy.core.ResourceMethod.invokeOnTarget(ResourceMethod.java:269)
	at org.jboss.resteasy.core.ResourceMethod.invoke(ResourceMethod.java:227)
	at org.jboss.resteasy.core.ResourceMethod.invoke(ResourceMethod.java:216)
	at org.jboss.resteasy.core.SynchronousDispatcher.getResponse(SynchronousDispatcher.java:542)
	at org.jboss.resteasy.core.SynchronousDispatcher.invoke(SynchronousDispatcher.java:524)
	at org.jboss.resteasy.core.SynchronousDispatcher.invoke(SynchronousDispatcher.java:126)
	at org.jboss.resteasy.plugins.server.netty.RequestDispatcher.service(RequestDispatcher.java:82)
	at org.jboss.resteasy.plugins.server.netty.RequestHandler.messageReceived(RequestHandler.java:51)
	at org.jboss.netty.channel.SimpleChannelUpstreamHandler.handleUpstream(SimpleChannelUpstreamHandler.java:70)
	at org.jboss.netty.channel.DefaultChannelPipeline.sendUpstream(DefaultChannelPipeline.java:564)
	at org.jboss.netty.channel.DefaultChannelPipeline$DefaultChannelHandlerContext.sendUpstream(DefaultChannelPipeline.java:791)
	at org.jboss.netty.handler.execution.ChannelUpstreamEventRunnable.doRun(ChannelUpstreamEventRunnable.java:43)
	at org.jboss.netty.handler.execution.ChannelEventRunnable.run(ChannelEventRunnable.java:67)
	at org.jboss.netty.handler.execution.OrderedMemoryAwareThreadPoolExecutor$ChildExecutor.run(OrderedMemoryAwareThreadPoolExecutor.java:314)
	at java.util.concurrent.ThreadPoolExecutor.runWorker(Unknown Source)
	at java.util.concurrent.ThreadPoolExecutor$Worker.run(Unknown Source)
	at java.lang.Thread.run(Unknown Source)
Caused by: java.lang.IllegalArgumentException: Request media type is not application/x-www-form-urlencoded
	at org.jboss.resteasy.plugins.server.netty.NettyHttpRequest.getFormParameters(NettyHttpRequest.java:79)
	at org.jboss.resteasy.plugins.server.netty.NettyHttpRequest.getDecodedFormParameters(NettyHttpRequest.java:88)
	at org.jboss.resteasy.core.FormParamInjector.inject(FormParamInjector.java:32)
	at org.jboss.resteasy.core.MethodInjectorImpl.injectArguments(MethodInjectorImpl.java:136)
	... 18 more
2017-04-09 16:18:04,244 [pool-3-thread-9] [info.sheen.nettyRrest.handler.RestExceptionHandler:26] [ERROR] - *******handler exception***********
org.jboss.resteasy.spi.BadRequestException: Could not find message body reader for type: interface org.jboss.resteasy.spi.HttpRequest of content type: text/plain;charset="ISO-8859-1"
	at org.jboss.resteasy.core.MessageBodyParameterInjector.inject(MessageBodyParameterInjector.java:153)
	at org.jboss.resteasy.core.MethodInjectorImpl.injectArguments(MethodInjectorImpl.java:136)
	at org.jboss.resteasy.core.MethodInjectorImpl.invoke(MethodInjectorImpl.java:159)
	at org.jboss.resteasy.core.ResourceMethod.invokeOnTarget(ResourceMethod.java:269)
	at org.jboss.resteasy.core.ResourceMethod.invoke(ResourceMethod.java:227)
	at org.jboss.resteasy.core.ResourceMethod.invoke(ResourceMethod.java:216)
	at org.jboss.resteasy.core.SynchronousDispatcher.getResponse(SynchronousDispatcher.java:542)
	at org.jboss.resteasy.core.SynchronousDispatcher.invoke(SynchronousDispatcher.java:524)
	at org.jboss.resteasy.core.SynchronousDispatcher.invoke(SynchronousDispatcher.java:126)
	at org.jboss.resteasy.plugins.server.netty.RequestDispatcher.service(RequestDispatcher.java:82)
	at org.jboss.resteasy.plugins.server.netty.RequestHandler.messageReceived(RequestHandler.java:51)
	at org.jboss.netty.channel.SimpleChannelUpstreamHandler.handleUpstream(SimpleChannelUpstreamHandler.java:70)
	at org.jboss.netty.channel.DefaultChannelPipeline.sendUpstream(DefaultChannelPipeline.java:564)
	at org.jboss.netty.channel.DefaultChannelPipeline$DefaultChannelHandlerContext.sendUpstream(DefaultChannelPipeline.java:791)
	at org.jboss.netty.handler.execution.ChannelUpstreamEventRunnable.doRun(ChannelUpstreamEventRunnable.java:43)
	at org.jboss.netty.handler.execution.ChannelEventRunnable.run(ChannelEventRunnable.java:67)
	at org.jboss.netty.handler.execution.OrderedMemoryAwareThreadPoolExecutor$ChildExecutor.run(OrderedMemoryAwareThreadPoolExecutor.java:314)
	at java.util.concurrent.ThreadPoolExecutor.runWorker(Unknown Source)
	at java.util.concurrent.ThreadPoolExecutor$Worker.run(Unknown Source)
	at java.lang.Thread.run(Unknown Source)
2017-04-09 16:24:09,490 [pool-3-thread-9] [info.sheen.nettyRrest.handler.RestExceptionHandler:26] [ERROR] - *******handler exception***********
org.jboss.resteasy.spi.BadRequestException: Could not find message body reader for type: interface org.jboss.resteasy.spi.HttpRequest of content type: application/json
	at org.jboss.resteasy.core.MessageBodyParameterInjector.inject(MessageBodyParameterInjector.java:153)
	at org.jboss.resteasy.core.MethodInjectorImpl.injectArguments(MethodInjectorImpl.java:136)
	at org.jboss.resteasy.core.MethodInjectorImpl.invoke(MethodInjectorImpl.java:159)
	at org.jboss.resteasy.core.ResourceMethod.invokeOnTarget(ResourceMethod.java:269)
	at org.jboss.resteasy.core.ResourceMethod.invoke(ResourceMethod.java:227)
	at org.jboss.resteasy.core.ResourceMethod.invoke(ResourceMethod.java:216)
	at org.jboss.resteasy.core.SynchronousDispatcher.getResponse(SynchronousDispatcher.java:542)
	at org.jboss.resteasy.core.SynchronousDispatcher.invoke(SynchronousDispatcher.java:524)
	at org.jboss.resteasy.core.SynchronousDispatcher.invoke(SynchronousDispatcher.java:126)
	at org.jboss.resteasy.plugins.server.netty.RequestDispatcher.service(RequestDispatcher.java:82)
	at org.jboss.resteasy.plugins.server.netty.RequestHandler.messageReceived(RequestHandler.java:51)
	at org.jboss.netty.channel.SimpleChannelUpstreamHandler.handleUpstream(SimpleChannelUpstreamHandler.java:70)
	at org.jboss.netty.channel.DefaultChannelPipeline.sendUpstream(DefaultChannelPipeline.java:564)
	at org.jboss.netty.channel.DefaultChannelPipeline$DefaultChannelHandlerContext.sendUpstream(DefaultChannelPipeline.java:791)
	at org.jboss.netty.handler.execution.ChannelUpstreamEventRunnable.doRun(ChannelUpstreamEventRunnable.java:43)
	at org.jboss.netty.handler.execution.ChannelEventRunnable.run(ChannelEventRunnable.java:67)
	at org.jboss.netty.handler.execution.OrderedMemoryAwareThreadPoolExecutor$ChildExecutor.run(OrderedMemoryAwareThreadPoolExecutor.java:314)
	at java.util.concurrent.ThreadPoolExecutor.runWorker(Unknown Source)
	at java.util.concurrent.ThreadPoolExecutor$Worker.run(Unknown Source)
	at java.lang.Thread.run(Unknown Source)
2017-04-09 16:25:26,237 [pool-3-thread-4] [info.sheen.nettyRrest.handler.RestExceptionHandler:26] [ERROR] - *******handler exception***********
org.jboss.resteasy.spi.BadRequestException: Could not find message body reader for type: interface org.jboss.resteasy.spi.HttpRequest of content type: application/json
	at org.jboss.resteasy.core.MessageBodyParameterInjector.inject(MessageBodyParameterInjector.java:153)
	at org.jboss.resteasy.core.MethodInjectorImpl.injectArguments(MethodInjectorImpl.java:136)
	at org.jboss.resteasy.core.MethodInjectorImpl.invoke(MethodInjectorImpl.java:159)
	at org.jboss.resteasy.core.ResourceMethod.invokeOnTarget(ResourceMethod.java:269)
	at org.jboss.resteasy.core.ResourceMethod.invoke(ResourceMethod.java:227)
	at org.jboss.resteasy.core.ResourceMethod.invoke(ResourceMethod.java:216)
	at org.jboss.resteasy.core.SynchronousDispatcher.getResponse(SynchronousDispatcher.java:542)
	at org.jboss.resteasy.core.SynchronousDispatcher.invoke(SynchronousDispatcher.java:524)
	at org.jboss.resteasy.core.SynchronousDispatcher.invoke(SynchronousDispatcher.java:126)
	at org.jboss.resteasy.plugins.server.netty.RequestDispatcher.service(RequestDispatcher.java:82)
	at org.jboss.resteasy.plugins.server.netty.RequestHandler.messageReceived(RequestHandler.java:51)
	at org.jboss.netty.channel.SimpleChannelUpstreamHandler.handleUpstream(SimpleChannelUpstreamHandler.java:70)
	at org.jboss.netty.channel.DefaultChannelPipeline.sendUpstream(DefaultChannelPipeline.java:564)
	at org.jboss.netty.channel.DefaultChannelPipeline$DefaultChannelHandlerContext.sendUpstream(DefaultChannelPipeline.java:791)
	at org.jboss.netty.handler.execution.ChannelUpstreamEventRunnable.doRun(ChannelUpstreamEventRunnable.java:43)
	at org.jboss.netty.handler.execution.ChannelEventRunnable.run(ChannelEventRunnable.java:67)
	at org.jboss.netty.handler.execution.OrderedMemoryAwareThreadPoolExecutor$ChildExecutor.run(OrderedMemoryAwareThreadPoolExecutor.java:314)
	at java.util.concurrent.ThreadPoolExecutor.runWorker(Unknown Source)
	at java.util.concurrent.ThreadPoolExecutor$Worker.run(Unknown Source)
	at java.lang.Thread.run(Unknown Source)
2017-04-09 17:40:48,843 [main] [info.sheen.nettyRrest.util.XMLParseUtil:44] [ERROR] - Fail to pase xml text to map because of file not found.
java.io.FileNotFoundException: test.xml ()
	at java.io.FileInputStream.open(Native Method)
	at java.io.FileInputStream.<init>(Unknown Source)
	at java.io.FileReader.<init>(Unknown Source)
	at info.sheen.nettyRrest.util.XMLParseUtil.xmlToMap(XMLParseUtil.java:28)
	at info.sheen.nettyRrest.util.XMLParseUtil.testXmlToMap(XMLParseUtil.java:68)
	at sun.reflect.NativeMethodAccessorImpl.invoke0(Native Method)
	at sun.reflect.NativeMethodAccessorImpl.invoke(Unknown Source)
	at sun.reflect.DelegatingMethodAccessorImpl.invoke(Unknown Source)
	at java.lang.reflect.Method.invoke(Unknown Source)
	at org.junit.runners.model.FrameworkMethod$1.runReflectiveCall(FrameworkMethod.java:47)
	at org.junit.internal.runners.model.ReflectiveCallable.run(ReflectiveCallable.java:12)
	at org.junit.runners.model.FrameworkMethod.invokeExplosively(FrameworkMethod.java:44)
	at org.junit.internal.runners.statements.InvokeMethod.evaluate(InvokeMethod.java:17)
	at org.junit.runners.ParentRunner.runLeaf(ParentRunner.java:271)
	at org.junit.runners.BlockJUnit4ClassRunner.runChild(BlockJUnit4ClassRunner.java:70)
	at org.junit.runners.BlockJUnit4ClassRunner.runChild(BlockJUnit4ClassRunner.java:50)
	at org.junit.runners.ParentRunner$3.run(ParentRunner.java:238)
	at org.junit.runners.ParentRunner$1.schedule(ParentRunner.java:63)
	at org.junit.runners.ParentRunner.runChildren(ParentRunner.java:236)
	at org.junit.runners.ParentRunner.access$000(ParentRunner.java:53)
	at org.junit.runners.ParentRunner$2.evaluate(ParentRunner.java:229)
	at org.junit.runners.ParentRunner.run(ParentRunner.java:309)
	at org.eclipse.jdt.internal.junit4.runner.JUnit4TestReference.run(JUnit4TestReference.java:50)
	at org.eclipse.jdt.internal.junit.runner.TestExecution.run(TestExecution.java:38)
	at org.eclipse.jdt.internal.junit.runner.RemoteTestRunner.runTests(RemoteTestRunner.java:459)
	at org.eclipse.jdt.internal.junit.runner.RemoteTestRunner.runTests(RemoteTestRunner.java:675)
	at org.eclipse.jdt.internal.junit.runner.RemoteTestRunner.run(RemoteTestRunner.java:382)
	at org.eclipse.jdt.internal.junit.runner.RemoteTestRunner.main(RemoteTestRunner.java:192)
